<?xml version="1.0" encoding="UTF-8"?>
<!-- Generated by org.testng.reporters.JUnitXMLReporter -->
<testsuite hostname="NODE319" name="first test" tests="1" failures="1" timestamp="6 Nov 2014 09:20:21 GMT" time="42.094" errors="0">
  <testcase name="login" time="30.699" classname="com.company.testclasses.GroupTest">
    <failure type="org.openqa.selenium.ElementNotVisibleException" message="Element is not currently visible and so may not be interacted with
Command duration or timeout: 30.04 seconds
Build info: version: &amp;apos;2.42.0&amp;apos;, revision: &amp;apos;5e824302019c86eae9c8c3ca9155e7307b410cf8&amp;apos;, time: &amp;apos;2014-05-24 09:48:41&amp;apos;
System info: host: &amp;apos;NODE319&amp;apos;, ip: &amp;apos;10.210.0.42&amp;apos;, os.name: &amp;apos;Windows 7&amp;apos;, os.arch: &amp;apos;amd64&amp;apos;, os.version: &amp;apos;6.1&amp;apos;, java.version: &amp;apos;1.6.0_43&amp;apos;
Session ID: 04ba7520-3a42-486c-927d-cbfa7f081ff4
Driver info: org.openqa.selenium.firefox.FirefoxDriver
Capabilities [{platform=XP, acceptSslCerts=true, javascriptEnabled=true, browserName=firefox, rotatable=false, locationContextEnabled=true, version=27.0, cssSelectorsEnabled=true, databaseEnabled=true, handlesAlerts=true, browserConnectionEnabled=true, nativeEvents=false, webStorageEnabled=true, applicationCacheEnabled=true, takesScreenshot=true}]">
      <![CDATA[org.openqa.selenium.ElementNotVisibleException: Element is not currently visible and so may not be interacted with
Command duration or timeout: 30.04 seconds
Build info: version: '2.42.0', revision: '5e824302019c86eae9c8c3ca9155e7307b410cf8', time: '2014-05-24 09:48:41'
System info: host: 'NODE319', ip: '10.210.0.42', os.name: 'Windows 7', os.arch: 'amd64', os.version: '6.1', java.version: '1.6.0_43'
Session ID: 04ba7520-3a42-486c-927d-cbfa7f081ff4
Driver info: org.openqa.selenium.firefox.FirefoxDriver
Capabilities [{platform=XP, acceptSslCerts=true, javascriptEnabled=true, browserName=firefox, rotatable=false, locationContextEnabled=true, version=27.0, cssSelectorsEnabled=true, databaseEnabled=true, handlesAlerts=true, browserConnectionEnabled=true, nativeEvents=false, webStorageEnabled=true, applicationCacheEnabled=true, takesScreenshot=true}]
	at org.openqa.selenium.remote.ErrorHandler.createThrowable(ErrorHandler.java:193)
	at org.openqa.selenium.remote.ErrorHandler.throwIfResponseFailed(ErrorHandler.java:145)
	at org.openqa.selenium.remote.RemoteWebDriver.execute(RemoteWebDriver.java:596)
	at org.openqa.selenium.remote.RemoteWebElement.execute(RemoteWebElement.java:268)
	at org.openqa.selenium.remote.RemoteWebElement.click(RemoteWebElement.java:79)
	at com.company.testclasses.GroupTest.login(GroupTest.java:33)
Caused by: org.openqa.selenium.remote.ErrorHandler$UnknownServerException: Element is not currently visible and so may not be interacted with
Build info: version: '2.42.0', revision: '5e824302019c86eae9c8c3ca9155e7307b410cf8', time: '2014-05-24 09:48:41'
System info: host: 'NODE319', ip: '10.210.0.42', os.name: 'Windows 7', os.arch: 'amd64', os.version: '6.1', java.version: '1.6.0_43'
Driver info: driver.version: unknown
	at <anonymous class>.fxdriver.preconditions.visible(file:///C:/Users/Admin/AppData/Local/Temp/anonymous985292643611305829webdriver-profile/extensions/fxdriver@googlecode.com/components/command_processor.js:8791)
	at <anonymous class>.DelayedCommand.prototype.checkPreconditions_(file:///C:/Users/Admin/AppData/Local/Temp/anonymous985292643611305829webdriver-profile/extensions/fxdriver@googlecode.com/components/command_processor.js:11438)
	at <anonymous class>.DelayedCommand.prototype.executeInternal_/h(file:///C:/Users/Admin/AppData/Local/Temp/anonymous985292643611305829webdriver-profile/extensions/fxdriver@googlecode.com/components/command_processor.js:11455)
	at <anonymous class>.fxdriver.Timer.prototype.setTimeout/<.notify(file:///C:/Users/Admin/AppData/Local/Temp/anonymous985292643611305829webdriver-profile/extensions/fxdriver@googlecode.com/components/command_processor.js:407)
... Removed 28 stack frames]]>
    </failure>
  </testcase> <!-- login -->
</testsuite> <!-- first test -->
