<?xml version="1.0" encoding="UTF-8"?>
<testng-results skipped="0" failed="0" total="1" passed="1">
  <reporter-output>
  </reporter-output>
  <suite name="Suite" duration-ms="14775" started-at="2014-11-07T11:02:03Z" finished-at="2014-11-07T11:02:18Z">
    <groups>
    </groups>
    <test name="Test" duration-ms="14775" started-at="2014-11-07T11:02:03Z" finished-at="2014-11-07T11:02:18Z">
      <class name="com.company.testclasses.GroupTest">
        <test-method status="PASS" signature="launchBrowser()[pri:0, instance:com.company.testclasses.GroupTest@2e958bb8]" name="launchBrowser" is-config="true" duration-ms="13023" started-at="2014-11-07T16:32:03Z" finished-at="2014-11-07T16:32:16Z">
          <reporter-output>
          </reporter-output>
        </test-method> <!-- launchBrowser -->
        <test-method status="PASS" signature="login()[pri:0, instance:com.company.testclasses.GroupTest@2e958bb8]" name="login" duration-ms="1556" started-at="2014-11-07T16:32:16Z" finished-at="2014-11-07T16:32:18Z">
          <reporter-output>
          </reporter-output>
        </test-method> <!-- login -->
        <test-method status="PASS" signature="tearDown()[pri:0, instance:com.company.testclasses.GroupTest@2e958bb8]" name="tearDown" is-config="true" duration-ms="184" started-at="2014-11-07T16:32:18Z" finished-at="2014-11-07T16:32:18Z">
          <reporter-output>
          </reporter-output>
        </test-method> <!-- tearDown -->
      </class> <!-- com.company.testclasses.GroupTest -->
    </test> <!-- Test -->
  </suite> <!-- Suite -->
</testng-results>
